Copyright 1986-2016 Xilinx, Inc. All Rights Reserved.
------------------------------------------------------------------------------------
| Tool Version : Vivado v.2016.2 (win64) Build 1577090 Thu Jun  2 16:32:40 MDT 2016
| Date         : Fri Mar 31 14:41:58 2017
| Host         : DESKTOP-G26N4G8 running 64-bit major release  (build 9200)
| Command      : upgrade_ip
| Device       : xc7z020clg484-1
------------------------------------------------------------------------------------

Upgrade Log for IP 'motor_motor2_0_0'

1. Summary
----------

SUCCESS in the update of motor_motor2_0_0 (xilinx.com:user:motor2:1.0 (Rev. 3)) to current project options.






Copyright 1986-2016 Xilinx, Inc. All Rights Reserved.
------------------------------------------------------------------------------------
| Tool Version : Vivado v.2016.2 (win64) Build 1577090 Thu Jun  2 16:32:40 MDT 2016
| Date         : Fri Mar 31 14:31:48 2017
| Host         : DESKTOP-G26N4G8 running 64-bit major release  (build 9200)
| Command      : upgrade_ip
| Device       : xc7z020clg484-1
------------------------------------------------------------------------------------

Upgrade Log for IP 'motor_motor2_0_0'

1. Summary
----------

SUCCESS in the update of motor_motor2_0_0 (xilinx.com:user:motor2:1.0 (Rev. 3)) to current project options.






Copyright 1986-2016 Xilinx, Inc. All Rights Reserved.
------------------------------------------------------------------------------------
| Tool Version : Vivado v.2016.2 (win64) Build 1577090 Thu Jun  2 16:32:40 MDT 2016
| Date         : Fri Mar 31 14:31:25 2017
| Host         : DESKTOP-G26N4G8 running 64-bit major release  (build 9200)
| Command      : upgrade_ip
| Device       : xc7z020clg484-1
------------------------------------------------------------------------------------

Upgrade Log for IP 'motor_motor2_0_0'

1. Summary
----------

SUCCESS in the upgrade of motor_motor2_0_0 (xilinx.com:user:motor2:1.0) from (Rev. 2) to (Rev. 3)






Copyright 1986-2016 Xilinx, Inc. All Rights Reserved.
------------------------------------------------------------------------------------
| Tool Version : Vivado v.2016.2 (win64) Build 1577090 Thu Jun  2 16:32:40 MDT 2016
| Date         : Fri Mar 31 14:12:18 2017
| Host         : DESKTOP-G26N4G8 running 64-bit major release  (build 9200)
| Command      : upgrade_ip
| Device       : xc7z020clg484-1
------------------------------------------------------------------------------------

Upgrade Log for IP 'motor_motor2_0_0'

1. Summary
----------

SUCCESS in the update of motor_motor2_0_0 (xilinx.com:user:motor2:1.0 (Rev. 2)) to current project options.






Copyright 1986-2016 Xilinx, Inc. All Rights Reserved.
------------------------------------------------------------------------------------
| Tool Version : Vivado v.2016.2 (win64) Build 1577090 Thu Jun  2 16:32:40 MDT 2016
| Date         : Fri Mar 31 13:18:48 2017
| Host         : DESKTOP-G26N4G8 running 64-bit major release  (build 9200)
| Command      : upgrade_ip
| Device       : xc7z020clg484-1
------------------------------------------------------------------------------------

Upgrade Log for IP 'motor_motor_0_1'

1. Summary
----------

SUCCESS in the update of motor_motor_0_1 (xilinx.com:user:motor:2.0 (Rev. 3)) to current project options.






Copyright 1986-2016 Xilinx, Inc. All Rights Reserved.
------------------------------------------------------------------------------------
| Tool Version : Vivado v.2016.2 (win64) Build 1577090 Thu Jun  2 16:32:40 MDT 2016
| Date         : Fri Mar 31 13:17:42 2017
| Host         : DESKTOP-G26N4G8 running 64-bit major release  (build 9200)
| Command      : upgrade_ip
| Device       : xc7z020clg484-1
------------------------------------------------------------------------------------

Upgrade Log for IP 'motor_motor_0_1'

1. Summary
----------

SUCCESS in the upgrade of motor_motor_0_1 (xilinx.com:user:motor:2.0) from (Rev. 2) to (Rev. 3)






Copyright 1986-2016 Xilinx, Inc. All Rights Reserved.
------------------------------------------------------------------------------------
| Tool Version : Vivado v.2016.2 (win64) Build 1577090 Thu Jun  2 16:32:40 MDT 2016
| Date         : Wed Mar 29 10:49:01 2017
| Host         : DESKTOP-G26N4G8 running 64-bit major release  (build 9200)
| Command      : upgrade_ip
| Device       : xc7z020clg484-1
------------------------------------------------------------------------------------

Upgrade Log for IP 'motor_motor_0_0'

1. Summary
----------

SUCCESS in the upgrade of motor_motor_0_0 (xilinx.com:user:motor:1.0) from (Rev. 2) to (Rev. 3)






Copyright 1986-2016 Xilinx, Inc. All Rights Reserved.
------------------------------------------------------------------------------------
| Tool Version : Vivado v.2016.2 (win64) Build 1577090 Thu Jun  2 16:32:40 MDT 2016
| Date         : Tue Mar 28 10:52:55 2017
| Host         : DESKTOP-G26N4G8 running 64-bit major release  (build 9200)
| Command      : upgrade_ip
| Device       : xc7z020clg484-1
------------------------------------------------------------------------------------

Upgrade Log for IP 'motor_motor_0_0'

1. Summary
----------

SUCCESS in the update of motor_motor_0_0 (xilinx.com:user:motor:1.0 (Rev. 2)) to current project options.






Copyright 1986-2016 Xilinx, Inc. All Rights Reserved.
------------------------------------------------------------------------------------
| Tool Version : Vivado v.2016.2 (win64) Build 1577090 Thu Jun  2 16:32:40 MDT 2016
| Date         : Tue Mar 28 10:48:43 2017
| Host         : DESKTOP-G26N4G8 running 64-bit major release  (build 9200)
| Command      : upgrade_ip
| Device       : xc7z020clg484-1
------------------------------------------------------------------------------------

Upgrade Log for IP 'motor_motor_0_0'

1. Summary
----------

SUCCESS in the update of motor_motor_0_0 (xilinx.com:user:motor:1.0 (Rev. 2)) to current project options.






Copyright 1986-2016 Xilinx, Inc. All Rights Reserved.
------------------------------------------------------------------------------------
| Tool Version : Vivado v.2016.2 (win64) Build 1577090 Thu Jun  2 16:32:40 MDT 2016
| Date         : Tue Mar 28 10:38:17 2017
| Host         : DESKTOP-G26N4G8 running 64-bit major release  (build 9200)
| Command      : upgrade_ip
| Device       : xc7z020clg484-1
------------------------------------------------------------------------------------

Upgrade Log for IP 'motor_motor_0_0'

1. Summary
----------

SUCCESS in the update of motor_motor_0_0 (xilinx.com:user:motor:1.0 (Rev. 2)) to current project options.






Copyright 1986-2016 Xilinx, Inc. All Rights Reserved.
------------------------------------------------------------------------------------
| Tool Version : Vivado v.2016.2 (win64) Build 1577090 Thu Jun  2 16:32:40 MDT 2016
| Date         : Mon Mar 27 20:19:10 2017
| Host         : DESKTOP-G26N4G8 running 64-bit major release  (build 9200)
| Command      : upgrade_ip
| Device       : xc7z020clg484-1
------------------------------------------------------------------------------------

Upgrade Log for IP 'motor_motor_0_0'

1. Summary
----------

SUCCESS in the update of motor_motor_0_0 (xilinx.com:user:motor:1.0 (Rev. 2)) to current project options.






Copyright 1986-2016 Xilinx, Inc. All Rights Reserved.
------------------------------------------------------------------------------------
| Tool Version : Vivado v.2016.2 (win64) Build 1577090 Thu Jun  2 16:32:40 MDT 2016
| Date         : Mon Mar 27 20:06:32 2017
| Host         : DESKTOP-G26N4G8 running 64-bit major release  (build 9200)
| Command      : upgrade_ip
| Device       : xc7z020clg484-1
------------------------------------------------------------------------------------

Upgrade Log for IP 'motor_motor_0_0'

1. Summary
----------

SUCCESS in the update of motor_motor_0_0 (xilinx.com:user:motor:1.0 (Rev. 2)) to current project options.

