#-----------------------------------------------------------
# Webtalk v2016.2 (64-bit)
# SW Build 1577090 on Thu Jun  2 16:32:40 MDT 2016
# 
# Start of session at: Fri Mar 31 14:26:12 2017
# Process ID: 6944
# Current directory: E:/Lin/vivado_learing/motor_lynn/motor_lynn.sdk/webtalk
# Command line: wbtcv.exe -mode batch -source sdk_webtalk.tcl
# Log file: E:/Lin/vivado_learing/motor_lynn/motor_lynn.sdk/webtalk/webtalk.log
# Journal file: E:/Lin/vivado_learing/motor_lynn/motor_lynn.sdk/webtalk\webtalk.jou
#-----------------------------------------------------------
source sdk_webtalk.tcl
# webtalk_init -webtalk_dir E:\\Lin\\vivado_learing\\motor_lynn\\motor_lynn.sdk\\webtalk
# webtalk_register_client -client project
# webtalk_add_data -client project -key date_generated -value "星期五 三月 31 14:26:11 2017" -context "software_version_and_target_device"
# webtalk_add_data -client project -key product_version -value "SDK v2016.2" -context "software_version_and_target_device"
# webtalk_add_data -client project -key build_version -value "2016.2" -context "software_version_and_target_device"
# webtalk_add_data -client project -key os_platform -value "amd64" -context "software_version_and_target_device"
# webtalk_add_data -client project -key registration_id -value "" -context "software_version_and_target_device"
# webtalk_add_data -client project -key tool_flow -value "SDK" -context "software_version_and_target_device"
# webtalk_add_data -client project -key beta -value "false" -context "software_version_and_target_device"
# webtalk_add_data -client project -key route_design -value "NA" -context "software_version_and_target_device"
# webtalk_add_data -client project -key target_family -value "NA" -context "software_version_and_target_device"
# webtalk_add_data -client project -key target_device -value "NA" -context "software_version_and_target_device"
# webtalk_add_data -client project -key target_package -value "NA" -context "software_version_and_target_device"
# webtalk_add_data -client project -key target_speed -value "NA" -context "software_version_and_target_device"
# webtalk_add_data -client project -key random_id -value "f8qbia66g9ugs5a742ads1rb3o" -context "software_version_and_target_device"
# webtalk_add_data -client project -key project_id -value "2016.2_35" -context "software_version_and_target_device"
# webtalk_add_data -client project -key project_iteration -value "35" -context "software_version_and_target_device"
# webtalk_add_data -client project -key os_name -value "" -context "user_environment"
# webtalk_add_data -client project -key os_release -value "" -context "user_environment"
# webtalk_add_data -client project -key cpu_name -value "" -context "user_environment"
# webtalk_add_data -client project -key cpu_speed -value "" -context "user_environment"
# webtalk_add_data -client project -key total_processors -value "" -context "user_environment"
# webtalk_add_data -client project -key system_ram -value "" -context "user_environment"
# webtalk_register_client -client sdk
# webtalk_add_data -client sdk -key uid -value "1490941394782" -context "sdk\\\\hardware/1490941394782"
# webtalk_add_data -client sdk -key isZynq -value "true" -context "sdk\\\\hardware/1490941394782"
# webtalk_add_data -client sdk -key Processors -value "2" -context "sdk\\\\hardware/1490941394782"
# webtalk_add_data -client sdk -key VivadoVersion -value "2016.2" -context "sdk\\\\hardware/1490941394782"
# webtalk_add_data -client sdk -key Arch -value "zynq" -context "sdk\\\\hardware/1490941394782"
# webtalk_add_data -client sdk -key Device -value "7z020" -context "sdk\\\\hardware/1490941394782"
# webtalk_add_data -client sdk -key IsHandoff -value "true" -context "sdk\\\\hardware/1490941394782"
# webtalk_add_data -client sdk -key uid -value "1490941427817" -context "sdk\\\\bsp/1490941427817"
# webtalk_add_data -client sdk -key hwid -value "1490941394782" -context "sdk\\\\bsp/1490941427817"
# webtalk_add_data -client sdk -key os -value "standalone" -context "sdk\\\\bsp/1490941427817"
# webtalk_add_data -client sdk -key apptemplate -value "null" -context "sdk\\\\bsp/1490941427817"
# webtalk_transmit -clientid 599432407 -regid "" -xml E:\\Lin\\vivado_learing\\motor_lynn\\motor_lynn.sdk\\webtalk\\usage_statistics_ext_sdk.xml -html E:\\Lin\\vivado_learing\\motor_lynn\\motor_lynn.sdk\\webtalk\\usage_statistics_ext_sdk.html -wdm E:\\Lin\\vivado_learing\\motor_lynn\\motor_lynn.sdk\\webtalk\\sdk_webtalk.wdm -intro "<H3>SDK Usage Report</H3><BR>"
# webtalk_terminate
INFO: [Common 17-206] Exiting Webtalk at Fri Mar 31 14:26:15 2017...
